This file contains any messages produced by compilers while
running configure, to aid debugging if configure makes a mistake.

It was created by polyclip configure 1.1-0, which was
generated by GNU Autoconf 2.69.  Invocation command line was

  $ ./configure 

## --------- ##
## Platform. ##
## --------- ##

hostname = red
uname -m = i686
uname -r = 3.2.0-55-generic
uname -s = Linux
uname -v = #85-Ubuntu SMP Wed Oct 2 13:43:27 UTC 2013

/usr/bin/uname -p = unknown
/bin/uname -X     = unknown

/bin/arch              = unknown
/usr/bin/arch -k       = unknown
/usr/convex/getsysinfo = unknown
/usr/bin/hostinfo      = unknown
/bin/machine           = unknown
/usr/bin/oslevel       = unknown
/bin/universe          = unknown

PATH: /home/adrian/bin
PATH: /usr/lib/lightdm/lightdm
PATH: /usr/local/sbin
PATH: /usr/local/bin
PATH: /usr/sbin
PATH: /usr/bin
PATH: /sbin
PATH: /bin
PATH: /usr/games


## ----------- ##
## Core tests. ##
## ----------- ##

configure:2003: checking for g++
configure:2019: found /usr/bin/g++
configure:2030: result: g++
configure:2057: checking for C++ compiler version
configure:2066: g++ --version >&5
g++ (Ubuntu/Linaro 4.6.3-1ubuntu5) 4.6.3
Copyright (C) 2011 Free Software Foundation, Inc.
This is free software; see the source for copying conditions.  There is NO
warranty; not even for MERCHANTABILITY or FITNESS FOR A PARTICULAR PURPOSE.

configure:2077: $? = 0
configure:2066: g++ -v >&5
Using built-in specs.
COLLECT_GCC=g++
COLLECT_LTO_WRAPPER=/usr/lib/gcc/i686-linux-gnu/4.6/lto-wrapper
Target: i686-linux-gnu
Configured with: ../src/configure -v --with-pkgversion='Ubuntu/Linaro 4.6.3-1ubuntu5' --with-bugurl=file:///usr/share/doc/gcc-4.6/README.Bugs --enable-languages=c,c++,fortran,objc,obj-c++ --prefix=/usr --program-suffix=-4.6 --enable-shared --enable-linker-build-id --with-system-zlib --libexecdir=/usr/lib --without-included-gettext --enable-threads=posix --with-gxx-include-dir=/usr/include/c++/4.6 --libdir=/usr/lib --enable-nls --with-sysroot=/ --enable-clocale=gnu --enable-libstdcxx-debug --enable-libstdcxx-time=yes --enable-gnu-unique-object --enable-plugin --enable-objc-gc --enable-targets=all --disable-werror --with-arch-32=i686 --with-tune=generic --enable-checking=release --build=i686-linux-gnu --host=i686-linux-gnu --target=i686-linux-gnu
Thread model: posix
gcc version 4.6.3 (Ubuntu/Linaro 4.6.3-1ubuntu5) 
configure:2077: $? = 0
configure:2066: g++ -V >&5
g++: error: unrecognized option '-V'
g++: fatal error: no input files
compilation terminated.
configure:2077: $? = 4
configure:2066: g++ -qversion >&5
g++: error: unrecognized option '-qversion'
g++: fatal error: no input files
compilation terminated.
configure:2077: $? = 4
configure:2097: checking whether the C++ compiler works
configure:2119: g++    conftest.cpp  >&5
configure:2123: $? = 0
configure:2171: result: yes
configure:2174: checking for C++ compiler default output file name
configure:2176: result: a.out
configure:2182: checking for suffix of executables
configure:2189: g++ -o conftest    conftest.cpp  >&5
configure:2193: $? = 0
configure:2215: result: 
configure:2237: checking whether we are cross compiling
configure:2245: g++ -o conftest    conftest.cpp  >&5
configure:2249: $? = 0
configure:2256: ./conftest
configure:2260: $? = 0
configure:2275: result: no
configure:2280: checking for suffix of object files
configure:2302: g++ -c   conftest.cpp >&5
configure:2306: $? = 0
configure:2327: result: o
configure:2331: checking whether we are using the GNU C++ compiler
configure:2350: g++ -c   conftest.cpp >&5
configure:2350: $? = 0
configure:2359: result: yes
configure:2368: checking whether g++ accepts -g
configure:2388: g++ -c -g  conftest.cpp >&5
configure:2388: $? = 0
configure:2429: result: yes
configure:2453: checking for int64_t
configure:2453: g++ -c   conftest.cpp >&5
configure:2453: $? = 0
configure:2453: g++ -c   conftest.cpp >&5
conftest.cpp: In function 'int main()':
conftest.cpp:14:21: error: expected primary-expression before ')' token
configure:2453: $? = 1
configure: failed program was:
| /* confdefs.h */
| #define PACKAGE_NAME "polyclip"
| #define PACKAGE_TARNAME "polyclip"
| #define PACKAGE_VERSION "1.1-0"
| #define PACKAGE_STRING "polyclip 1.1-0"
| #define PACKAGE_BUGREPORT ""
| #define PACKAGE_URL ""
| /* end confdefs.h.  */
| #include <stdint.h>
| 
| int
| main ()
| {
| if (sizeof ((int64_t)))
| 	    return 0;
|   ;
|   return 0;
| }
configure:2453: result: yes
configure:2911: checking for uint64_t
configure:2911: g++ -c   conftest.cpp >&5
configure:2911: $? = 0
configure:2911: g++ -c   conftest.cpp >&5
conftest.cpp: In function 'int main()':
conftest.cpp:15:22: error: expected primary-expression before ')' token
configure:2911: $? = 1
configure: failed program was:
| /* confdefs.h */
| #define PACKAGE_NAME "polyclip"
| #define PACKAGE_TARNAME "polyclip"
| #define PACKAGE_VERSION "1.1-0"
| #define PACKAGE_STRING "polyclip 1.1-0"
| #define PACKAGE_BUGREPORT ""
| #define PACKAGE_URL ""
| #define HAVE_INT64_T 1
| /* end confdefs.h.  */
| #include <stdint.h>
| 
| int
| main ()
| {
| if (sizeof ((uint64_t)))
| 	    return 0;
|   ;
|   return 0;
| }
configure:2911: result: yes
configure:3128: creating ./config.status

## ---------------------- ##
## Running config.status. ##
## ---------------------- ##

This file was extended by polyclip config.status 1.1-0, which was
generated by GNU Autoconf 2.69.  Invocation command line was

  CONFIG_FILES    = 
  CONFIG_HEADERS  = 
  CONFIG_LINKS    = 
  CONFIG_COMMANDS = 
  $ ./config.status 

on red

config.status:723: creating src/Makevars

## ---------------- ##
## Cache variables. ##
## ---------------- ##

ac_cv_cxx_compiler_gnu=yes
ac_cv_env_CCC_set=
ac_cv_env_CCC_value=
ac_cv_env_CPPFLAGS_set=
ac_cv_env_CPPFLAGS_value=
ac_cv_env_CXXCPP_set=
ac_cv_env_CXXCPP_value=
ac_cv_env_CXXFLAGS_set=
ac_cv_env_CXXFLAGS_value=
ac_cv_env_CXX_set=
ac_cv_env_CXX_value=
ac_cv_env_LDFLAGS_set=
ac_cv_env_LDFLAGS_value=
ac_cv_env_LIBS_set=
ac_cv_env_LIBS_value=
ac_cv_env_build_alias_set=
ac_cv_env_build_alias_value=
ac_cv_env_host_alias_set=
ac_cv_env_host_alias_value=
ac_cv_env_target_alias_set=
ac_cv_env_target_alias_value=
ac_cv_objext=o
ac_cv_prog_ac_ct_CXX=g++
ac_cv_prog_cxx_g=yes
ac_cv_type_int64_t=yes
ac_cv_type_uint64_t=yes

## ----------------- ##
## Output variables. ##
## ----------------- ##

CPPFLAGS=''
CXX='g++'
CXXCPP=''
CXXFLAGS=''
DEFS='-DPACKAGE_NAME=\"polyclip\" -DPACKAGE_TARNAME=\"polyclip\" -DPACKAGE_VERSION=\"1.1-0\" -DPACKAGE_STRING=\"polyclip\ 1.1-0\" -DPACKAGE_BUGREPORT=\"\" -DPACKAGE_URL=\"\" -DHAVE_INT64_T=1 -DHAVE_UINT64_T=1'
ECHO_C=''
ECHO_N='-n'
ECHO_T=''
EGREP=''
EXEEXT=''
GREP=''
LDFLAGS=''
LIBOBJS=''
LIBS=''
LTLIBOBJS=''
OBJEXT='o'
PACKAGE_BUGREPORT=''
PACKAGE_NAME='polyclip'
PACKAGE_STRING='polyclip 1.1-0'
PACKAGE_TARNAME='polyclip'
PACKAGE_URL=''
PACKAGE_VERSION='1.1-0'
PATH_SEPARATOR=':'
POLYCLIP_CPPFLAGS='-DPOLYCLIP_LONG64="int64_t" -DPOLYCLIP_ULONG64="uint64_t"'
SHELL='/bin/bash'
ac_ct_CXX='g++'
bindir='${exec_prefix}/bin'
build_alias=''
datadir='${datarootdir}'
datarootdir='${prefix}/share'
docdir='${datarootdir}/doc/${PACKAGE_TARNAME}'
dvidir='${docdir}'
exec_prefix='${prefix}'
host_alias=''
htmldir='${docdir}'
includedir='${prefix}/include'
infodir='${datarootdir}/info'
libdir='${exec_prefix}/lib'
libexecdir='${exec_prefix}/libexec'
localedir='${datarootdir}/locale'
localstatedir='${prefix}/var'
mandir='${datarootdir}/man'
oldincludedir='/usr/include'
pdfdir='${docdir}'
prefix='/usr/local'
program_transform_name='s,x,x,'
psdir='${docdir}'
sbindir='${exec_prefix}/sbin'
sharedstatedir='${prefix}/com'
sysconfdir='${prefix}/etc'
target_alias=''

## ----------- ##
## confdefs.h. ##
## ----------- ##

/* confdefs.h */
#define PACKAGE_NAME "polyclip"
#define PACKAGE_TARNAME "polyclip"
#define PACKAGE_VERSION "1.1-0"
#define PACKAGE_STRING "polyclip 1.1-0"
#define PACKAGE_BUGREPORT ""
#define PACKAGE_URL ""
#define HAVE_INT64_T 1
#define HAVE_UINT64_T 1

configure: exit 0
